<?xml version="1.0" encoding="UTF-8"?>
<testng-results ignored="0" total="1" passed="1" failed="0" skipped="0">
  <reporter-output>
  </reporter-output>
  <suite started-at="2024-03-30T12:10:45 IST" name="Default suite" finished-at="2024-03-30T12:10:47 IST" duration-ms="1792">
    <groups>
    </groups>
    <test started-at="2024-03-30T12:10:45 IST" name="Default test" finished-at="2024-03-30T12:10:47 IST" duration-ms="1792">
      <class name="com.restasuured.auto.testscripts.RestJavaFirstClass">
        <test-method signature="test()[pri:0, instance:com.restasuured.auto.testscripts.RestJavaFirstClass@e15b7e8]" started-at="2024-03-30T12:10:45 IST" name="test" finished-at="2024-03-30T12:10:47 IST" duration-ms="1739" status="PASS">
          <reporter-output>
          </reporter-output>
        </test-method> <!-- test -->
      </class> <!-- com.restasuured.auto.testscripts.RestJavaFirstClass -->
    </test> <!-- Default test -->
  </suite> <!-- Default suite -->
</testng-results>
